Symlinking /home/connor/ME326-FinalProject/devel/include/me326_locobot_example/PixtoPoint.h
Symlinking /home/connor/ME326-FinalProject/devel/include/me326_locobot_example/PixtoPointResponse.h
Symlinking /home/connor/ME326-FinalProject/devel/include/me326_locobot_example/PixtoPointRequest.h
Symlinking /home/connor/ME326-FinalProject/devel/bin/scripts
Symlinking /home/connor/ME326-FinalProject/devel/bin/cmake.lock
Symlinking /home/connor/ME326-FinalProject/devel/lib/me326_locobot_example/matching_ptcld_serv
Symlinking /home/connor/ME326-FinalProject/devel/lib/python3/dist-packages/me326_locobot_example/__init__.py
Symlinking /home/connor/ME326-FinalProject/devel/lib/python3/dist-packages/me326_locobot_example/srv/__init__.py
Symlinking /home/connor/ME326-FinalProject/devel/lib/python3/dist-packages/me326_locobot_example/srv/_PixtoPoint.py
Symlinking /home/connor/ME326-FinalProject/devel/lib/pkgconfig/me326_locobot_example.pc
Symlinking /home/connor/ME326-FinalProject/devel/share/me326_locobot_example/cmake/me326_locobot_example-msg-paths.cmake
Symlinking /home/connor/ME326-FinalProject/devel/share/me326_locobot_example/cmake/me326_locobot_example-msg-extras.cmake
Symlinking /home/connor/ME326-FinalProject/devel/share/me326_locobot_example/cmake/me326_locobot_exampleConfig-version.cmake
Symlinking /home/connor/ME326-FinalProject/devel/share/me326_locobot_example/cmake/me326_locobot_exampleConfig.cmake
Symlinking /home/connor/ME326-FinalProject/devel/share/roseus/ros/me326_locobot_example/manifest.l
Symlinking /home/connor/ME326-FinalProject/devel/share/roseus/ros/me326_locobot_example/srv/PixtoPoint.l
Symlinking /home/connor/ME326-FinalProject/devel/share/gennodejs/ros/me326_locobot_example/_index.js
Symlinking /home/connor/ME326-FinalProject/devel/share/gennodejs/ros/me326_locobot_example/srv/_index.js
Symlinking /home/connor/ME326-FinalProject/devel/share/gennodejs/ros/me326_locobot_example/srv/PixtoPoint.js
Symlinking /home/connor/ME326-FinalProject/devel/share/common-lisp/ros/me326_locobot_example/srv/me326_locobot_example-srv.asd
Symlinking /home/connor/ME326-FinalProject/devel/share/common-lisp/ros/me326_locobot_example/srv/_package.lisp
Symlinking /home/connor/ME326-FinalProject/devel/share/common-lisp/ros/me326_locobot_example/srv/_package_PixtoPoint.lisp
Symlinking /home/connor/ME326-FinalProject/devel/share/common-lisp/ros/me326_locobot_example/srv/PixtoPoint.lisp
